<?xml version="1.0" encoding="UTF-8"?>
<!-- Generated by org.testng.reporters.JUnitXMLReporter -->
<testsuite ignored="0" hostname="LAPTOP-VVN5V1AD" failures="1" tests="2" name="Default test" time="17.898" errors="0" timestamp="2022-04-07T14:03:09 WIB">
  <testcase classname="io.cucumber.testng.AbstractTestNGCucumberTests" name="runScenario" time="16.325">
    <failure type="java.lang.AssertionError" message="expected [null] but found [Beetroot]">
      <![CDATA[java.lang.AssertionError: expected [null] but found [Beetroot]
at org.testng.Assert.fail(Assert.java:99)
at org.testng.Assert.failNotEquals(Assert.java:1037)
at org.testng.Assert.assertEqualsImpl(Assert.java:140)
at org.testng.Assert.assertEquals(Assert.java:122)
at org.testng.Assert.assertEquals(Assert.java:629)
at org.testng.Assert.assertEquals(Assert.java:639)
at stepDefinitions.OfferPageStepDefinition.validate_product_name_in_offers_page_matches_with_landing_page(OfferPageStepDefinition.java:54)
at ✽.validate product name in offers page matches with Landing Page(file:///C:/Users/rangg/OneDrive/Documents/gitutils/Cucumber-Integrate-With-SeleniumJava-And-TestNGRunner/src/test/java/features/SearchProduct.feature:8)
]]>
    </failure>
  </testcase> <!-- runScenario -->
  <testcase classname="io.cucumber.testng.AbstractTestNGCucumberTests" name="runScenario" time="16.52"/>
</testsuite> <!-- Default test -->
