<?xml version="1.0" encoding="UTF-8"?>
<testng-results skipped="0" failed="0" ignored="0" total="1" passed="1">
  <reporter-output>
  </reporter-output>
  <suite name="Surefire suite" duration-ms="22465" started-at="2022-04-07T11:30:07 ICT" finished-at="2022-04-07T11:30:30 ICT">
    <groups>
      <group name="cucumber">
        <method signature="AbstractTestNGCucumberTests.runScenario(io.cucumber.testng.PickleWrapper,io.cucumber.testng.FeatureWrapper)[pri:0, instance:cucumberOptions.TestNGTestRunner@7b69c6ba]" name="runScenario" class="io.cucumber.testng.AbstractTestNGCucumberTests"/>
      </group> <!-- cucumber -->
    </groups>
    <test name="Surefire test" duration-ms="22465" started-at="2022-04-07T11:30:07 ICT" finished-at="2022-04-07T11:30:30 ICT">
      <class name="cucumberOptions.TestNGTestRunner">
        <test-method status="PASS" signature="setUpClass(org.testng.ITestContext)[pri:0, instance:cucumberOptions.TestNGTestRunner@7b69c6ba]" name="setUpClass" is-config="true" duration-ms="1045" started-at="2022-04-07T11:30:07 ICT" finished-at="2022-04-07T11:30:08 ICT">
          <params>
            <param index="0">
              <value>
                <![CDATA[org.testng.TestRunner@636e8cc]]>
              </value>
            </param>
          </params>
          <reporter-output>
          </reporter-output>
        </test-method> <!-- setUpClass -->
        <test-method status="PASS" signature="runScenario(io.cucumber.testng.PickleWrapper,io.cucumber.testng.FeatureWrapper)[pri:0, instance:cucumberOptions.TestNGTestRunner@7b69c6ba]" name="runScenario" duration-ms="20863" started-at="2022-04-07T11:30:08 ICT" description="Runs Cucumber Scenarios" data-provider="scenarios" finished-at="2022-04-07T11:30:29 ICT">
          <params>
            <param index="0">
              <value>
                <![CDATA["Add 3 items to cart and place the order"]]>
              </value>
            </param>
            <param index="1">
              <value>
                <![CDATA["Optional[Checkout Product]"]]>
              </value>
            </param>
          </params>
          <reporter-output>
          </reporter-output>
        </test-method> <!-- runScenario -->
        <test-method status="PASS" signature="tearDownClass()[pri:0, instance:cucumberOptions.TestNGTestRunner@7b69c6ba]" name="tearDownClass" is-config="true" duration-ms="478" started-at="2022-04-07T11:30:29 ICT" finished-at="2022-04-07T11:30:30 ICT">
          <reporter-output>
          </reporter-output>
        </test-method> <!-- tearDownClass -->
      </class> <!-- cucumberOptions.TestNGTestRunner -->
    </test> <!-- Surefire test -->
  </suite> <!-- Surefire suite -->
</testng-results>
