<?xml version="1.0" encoding="UTF-8"?>
<!-- Generated by org.testng.reporters.JUnitReportReporter -->
<testsuite hostname="LAPTOP-VVN5V1AD" failures="1" tests="3" name="cucumberOptions.TestNGTestRunner" time="51.352" errors="0" timestamp="2022-04-07T13:29:56 WIB" skipped="0">
  <testcase classname="cucumberOptions.TestNGTestRunner" name="runScenario" time="18.267"/>
  <system-out/>
  <testcase classname="cucumberOptions.TestNGTestRunner" name="runScenario" time="16.647">
    <failure message="expected [null] but found [Beetroot]" type="java.lang.AssertionError">
      <![CDATA[java.lang.AssertionError: expected [null] but found [Beetroot]
at org.testng.Assert.fail(Assert.java:99)
at org.testng.Assert.failNotEquals(Assert.java:1037)
at org.testng.Assert.assertEqualsImpl(Assert.java:140)
at org.testng.Assert.assertEquals(Assert.java:122)
at org.testng.Assert.assertEquals(Assert.java:629)
at org.testng.Assert.assertEquals(Assert.java:639)
at stepDefinitions.OfferPageStepDefinition.validate_product_name_in_offers_page_matches_with_landing_page(OfferPageStepDefinition.java:54)
at ✽.validate product name in offers page matches with Landing Page(file:///C:/Users/rangg/eclipse-workspace/Cucumber-Integrate-With-SeleniumJava-And-TestNGRunner/src/test/java/features/SearchProduct.feature:8)
]]>
    </failure>
  </testcase> <!-- runScenario -->
  <system-out/>
  <testcase classname="cucumberOptions.TestNGTestRunner" name="runScenario" time="16.438"/>
  <system-out/>
</testsuite> <!-- cucumberOptions.TestNGTestRunner -->
